0 info it worked if it ends with ok
1 verbose cli [ '/usr/local/Cellar/node/5.9.1/bin/node',
1 verbose cli   '/usr/local/bin/npm',
1 verbose cli   'run',
1 verbose cli   'test' ]
2 info using npm@3.7.3
3 info using node@v5.9.1
4 verbose run-script [ 'pretest', 'test', 'posttest' ]
5 info lifecycle angular-es-utils@1.3.4~pretest: angular-es-utils@1.3.4
6 silly lifecycle angular-es-utils@1.3.4~pretest: no script for pretest, continuing
7 info lifecycle angular-es-utils@1.3.4~test: angular-es-utils@1.3.4
8 verbose lifecycle angular-es-utils@1.3.4~test: unsafe-perm in lifecycle true
9 verbose lifecycle angular-es-utils@1.3.4~test: PATH: /usr/local/lib/node_modules/npm/bin/node-gyp-bin:/Users/hjzheng/githubWorkplace/angular-es-utils/node_modules/.bin:/usr/local/Cellar/node/5.9.1/bin:/usr/local/bin:/usr/bin:/bin:/usr/sbin:/sbin
10 verbose lifecycle angular-es-utils@1.3.4~test: CWD: /Users/hjzheng/githubWorkplace/angular-es-utils
11 silly lifecycle angular-es-utils@1.3.4~test: Args: [ '-c', 'npm run codecheck & npm run cover' ]
12 silly lifecycle angular-es-utils@1.3.4~test: Returned: code: 1  signal: null
13 info lifecycle angular-es-utils@1.3.4~test: Failed to exec test script
14 verbose stack Error: angular-es-utils@1.3.4 test: `npm run codecheck & npm run cover`
14 verbose stack Exit status 1
14 verbose stack     at EventEmitter.<anonymous> (/usr/local/lib/node_modules/npm/lib/utils/lifecycle.js:239:16)
14 verbose stack     at emitTwo (events.js:100:13)
14 verbose stack     at EventEmitter.emit (events.js:185:7)
14 verbose stack     at ChildProcess.<anonymous> (/usr/local/lib/node_modules/npm/lib/utils/spawn.js:24:14)
14 verbose stack     at emitTwo (events.js:100:13)
14 verbose stack     at ChildProcess.emit (events.js:185:7)
14 verbose stack     at maybeClose (internal/child_process.js:850:16)
14 verbose stack     at Process.ChildProcess._handle.onexit (internal/child_process.js:215:5)
15 verbose pkgid angular-es-utils@1.3.4
16 verbose cwd /Users/hjzheng/githubWorkplace/angular-es-utils
17 error Darwin 15.0.0
18 error argv "/usr/local/Cellar/node/5.9.1/bin/node" "/usr/local/bin/npm" "run" "test"
19 error node v5.9.1
20 error npm  v3.7.3
21 error code ELIFECYCLE
22 error angular-es-utils@1.3.4 test: `npm run codecheck & npm run cover`
22 error Exit status 1
23 error Failed at the angular-es-utils@1.3.4 test script 'npm run codecheck & npm run cover'.
23 error Make sure you have the latest version of node.js and npm installed.
23 error If you do, this is most likely a problem with the angular-es-utils package,
23 error not with npm itself.
23 error Tell the author that this fails on your system:
23 error     npm run codecheck & npm run cover
23 error You can get information on how to open an issue for this project with:
23 error     npm bugs angular-es-utils
23 error Or if that isn't available, you can get their info via:
23 error     npm owner ls angular-es-utils
23 error There is likely additional logging output above.
24 verbose exit [ 1, true ]
